  EBO.cpp
  graphics.cpp
C:\Users\tusha\source\repos\OpenGL Graphics\OpenGL Graphics\graphics.cpp(120,37): error C2661: 'VBO::VBO': no overloaded function takes 2 arguments
C:\Users\tusha\source\repos\OpenGL Graphics\OpenGL Graphics\graphics.cpp(121,35): error C2661: 'EBO::EBO': no overloaded function takes 2 arguments
C:\Users\tusha\source\repos\OpenGL Graphics\OpenGL Graphics\graphics.cpp(141,43): error C2661: 'VBO::VBO': no overloaded function takes 2 arguments
C:\Users\tusha\source\repos\OpenGL Graphics\OpenGL Graphics\graphics.cpp(142,41): error C2661: 'EBO::EBO': no overloaded function takes 2 arguments
C:\Users\tusha\source\repos\OpenGL Graphics\OpenGL Graphics\graphics.cpp(169,73): error C2664: 'Texture::Texture(const char *,const char *,GLuint,GLenum,GLenum)': cannot convert argument 2 from 'int' to 'const char *'
C:\Users\tusha\source\repos\OpenGL Graphics\OpenGL Graphics\graphics.cpp(169,30): message : Conversion from integral type to pointer type requires reinterpret_cast, C-style cast or function-style cast
C:\Users\tusha\source\repos\OpenGL Graphics\OpenGL Graphics\Texture.h(14,2): message : see declaration of 'Texture::Texture'
C:\Users\tusha\source\repos\OpenGL Graphics\OpenGL Graphics\graphics.cpp(170,8): error C2039: 'texUni': is not a member of 'Texture'
C:\Users\tusha\source\repos\OpenGL Graphics\OpenGL Graphics\Texture.h(7): message : see declaration of 'Texture'
C:\Users\tusha\source\repos\OpenGL Graphics\OpenGL Graphics\graphics.cpp(171,84): error C2664: 'Texture::Texture(const char *,const char *,GLuint,GLenum,GLenum)': cannot convert argument 2 from 'int' to 'const char *'
C:\Users\tusha\source\repos\OpenGL Graphics\OpenGL Graphics\graphics.cpp(171,42): message : Conversion from integral type to pointer type requires reinterpret_cast, C-style cast or function-style cast
C:\Users\tusha\source\repos\OpenGL Graphics\OpenGL Graphics\Texture.h(14,2): message : see declaration of 'Texture::Texture'
C:\Users\tusha\source\repos\OpenGL Graphics\OpenGL Graphics\graphics.cpp(172,16): error C2039: 'texUni': is not a member of 'Texture'
C:\Users\tusha\source\repos\OpenGL Graphics\OpenGL Graphics\Texture.h(7): message : see declaration of 'Texture'
  Mesh.cpp
C:\Users\tusha\source\repos\OpenGL Graphics\OpenGL Graphics\Mesh.cpp(52,65): warning C4267: 'argument': conversion from 'size_t' to 'GLsizei', possible loss of data
  Texture.cpp
  VAO.cpp
C:\Users\tusha\source\repos\OpenGL Graphics\OpenGL Graphics\VAO.cpp(14,60): warning C4244: 'argument': conversion from 'GLsizeiptr' to 'GLsizei', possible loss of data
  VBO.cpp
  Generating Code...
